#
# A fatal error has been detected by the Java Runtime Environment:
#
#  SIGSEGV (0xb) at pc=0x00000001311da04d, pid=53929, tid=0x0000000000005703
#
# JRE version: Java(TM) SE Runtime Environment (8.0_121-b13) (build 1.8.0_121-b13)
# Java VM: Java HotSpot(TM) 64-Bit Server VM (25.121-b13 mixed mode bsd-amd64 compressed oops)
# Problematic frame:
# C  [libxgboost.so+0x6804d]  _ZN7xgboost3gbm6GBTree7PredictEPNS_7DMatrixExPSt6vectorIfSaIfEEj._omp_fn.3+0x7fd
#
# Failed to write core dump. Core dumps have been disabled. To enable core dumping, try "ulimit -c unlimited" before starting Java again
#
# If you would like to submit a bug report, please visit:
#   http://bugreport.java.com/bugreport/crash.jsp
# The crash happened outside the Java Virtual Machine in native code.
# See problematic frame for where to report the bug.
#

---------------  T H R E A D  ---------------

Current thread (0x00007fe118940000):  JavaThread "github.ananthc.sampleapps.apex.scikitlearn.ScikitLearnSVMJepBenchmark.testXGBoostPredictIris-jmh-worker-1" daemon [_thread_in_native, id=22275, stack(0x000070000b6c6000,0x000070000b7c6000)]

siginfo: si_signo: 11 (SIGSEGV), si_code: 1 (SEGV_MAPERR), si_addr: 0x0000000000000000

Registers:
RAX=0x0000000000000001, RBX=0x0000000000000000, RCX=0x0000000000000003, RDX=0x0000000000000004
RSP=0x000070000b7c3b60, RBP=0x00007fe118692ac0, RSI=0x0000000000000000, RDI=0x0000000000000002
R8 =0x00007fe11ae622f0, R9 =0x00007fe11ae622f0, R10=0x0000000000000001, R11=0x0000000000000000
R12=0x00007fe11ae622d0, R13=0x0000000000000000, R14=0x00000000ffffffff, R15=0x0000000000000000
RIP=0x00000001311da04d, EFLAGS=0x0000000000010246, ERR=0x0000000000000004
  TRAPNO=0x000000000000000e

Top of Stack: (sp=0x000070000b7c3b60)
0x000070000b7c3b60:   00007fe11ad62f20 00007fe100000004
0x000070000b7c3b70:   0000000000000000 000000000b7c3c90
0x000070000b7c3b80:   000070000b7c3c90 00007fe118645370
0x000070000b7c3b90:   00007fe11ad5d3f0 ffffffffffffffff
0x000070000b7c3ba0:   0000000000000000 00000008ffffffff
0x000070000b7c3bb0:   00007fe11ae622d0 000000000000000c
0x000070000b7c3bc0:   0000000000000001 0000000000000008
0x000070000b7c3bd0:   0000000000000000 000000013161c50b
0x000070000b7c3be0:   0000000000000000 0000000100000000
0x000070000b7c3bf0:   0000000000000000 000000000000000c
0x000070000b7c3c00:   00007fe119a87e00 00000001311d9850
0x000070000b7c3c10:   000070000b7c3c90 0000000000000008
0x000070000b7c3c20:   0000000000000000 00007fe11ae7b870
0x000070000b7c3c30:   00007fe11ae79e20 000000013161751f
0x000070000b7c3c40:   0000000000000000 00007fe11ae79e28
0x000070000b7c3c50:   0000000000000000 0000000000000003
0x000070000b7c3c60:   00007fe11ad62f20 00000001311eb624
0x000070000b7c3c70:   000070000b7c3c90 00007fe11ae79e28
0x000070000b7c3c80:   000070000b7c3d10 00007fffa512b4de
0x000070000b7c3c90:   ffffffffffffffff 00007fe11ad62f20
0x000070000b7c3ca0:   00007fe11ae79e28 00007fe11ae7b870
0x000070000b7c3cb0:   0000000000000003 00007fe11ae79ef0
0x000070000b7c3cc0:   0000000100000000 0000000000000000
0x000070000b7c3cd0:   000070000b7c3d60 00007fffa512b4de
0x000070000b7c3ce0:   0001000018700000 00007fe11ae795c0
0x000070000b7c3cf0:   000000010e882000 00007fe11aefc080
0x000070000b7c3d00:   00007fe11ae795c0 00007fe11ae79700
0x000070000b7c3d10:   0000000000000014 00000002a512c0d5
0x000070000b7c3d20:   0000000000000140 000000010e886e00
0x000070000b7c3d30:   00007fe11ae00000 0000000000000002
0x000070000b7c3d40:   000000010e886e00 0000000000000014
0x000070000b7c3d50:   000000010e882000 00007fe11ae00000 

Instructions: (pc=0x00000001311da04d)
0x00000001311da02d:   48 4d 8b ab e8 00 00 00 4d 89 fb 49 f7 db eb 10
0x00000001311da03d:   0f 1f 00 48 83 c6 01 4c 39 d6 0f 83 f3 02 00 00
0x00000001311da04d:   41 39 5c b5 00 75 ec 4c 8b 64 24 30 8b 54 24 1c
0x00000001311da05d:   4d 8b 24 f4 4d 8b 0c 24 66 66 2e 0f 1f 84 00 00 

Register to memory mapping:

RAX=0x0000000000000001 is an unknown value
RBX=0x0000000000000000 is an unknown value
RCX=0x0000000000000003 is an unknown value
RDX=0x0000000000000004 is an unknown value
RSP=0x000070000b7c3b60 is pointing into the stack for thread: 0x00007fe118940000
RBP=0x00007fe118692ac0 is an unknown value
RSI=0x0000000000000000 is an unknown value
RDI=0x0000000000000002 is an unknown value
R8 =0x00007fe11ae622f0 is an unknown value
R9 =0x00007fe11ae622f0 is an unknown value
R10=0x0000000000000001 is an unknown value
R11=0x0000000000000000 is an unknown value
R12=0x00007fe11ae622d0 is an unknown value
R13=0x0000000000000000 is an unknown value
R14=0x00000000ffffffff is an unknown value
R15=0x0000000000000000 is an unknown value


Stack: [0x000070000b6c6000,0x000070000b7c6000],  sp=0x000070000b7c3b60,  free space=1014k
Native frames: (J=compiled Java code, j=interpreted, Vv=VM code, C=native code)
C  [libxgboost.so+0x6804d]  _ZN7xgboost3gbm6GBTree7PredictEPNS_7DMatrixExPSt6vectorIfSaIfEEj._omp_fn.3+0x7fd

Java frames: (J=compiled Java code, j=interpreted, Vv=VM code)
j  jep.Jep.eval(JLjava/lang/String;)V+0
j  jep.Jep.eval(Ljava/lang/String;)Z+106
j  github.ananthc.sampleapps.apex.scikitlearn.ScikitLearnSVMJepBenchmark.testXGBoostPredictIris(Lgithub/ananthc/sampleapps/apex/JepBenchmark$JepHandle;Lorg/openjdk/jmh/infra/Blackhole;Lgithub/ananthc/sampleapps/apex/IrisScoringInputData;)V+19
j  github.ananthc.sampleapps.apex.generated.JepBenchmark_testXGBoostPredictIris_jmhTest.testXGBoostPredictIris_thrpt_jmhStub(Lorg/openjdk/jmh/runner/InfraControl;Lorg/openjdk/jmh/results/RawResults;Lorg/openjdk/jmh/infra/BenchmarkParams;Lorg/openjdk/jmh/infra/IterationParams;Lorg/openjdk/jmh/infra/ThreadParams;Lorg/openjdk/jmh/infra/Blackhole;Lorg/openjdk/jmh/infra/Control;ILgithub/ananthc/sampleapps/apex/generated/JepBenchmark_JepHandle_jmhType;Lgithub/ananthc/sampleapps/apex/generated/IrisScoringInputData_jmhType;Lgithub/ananthc/sampleapps/apex/generated/JepBenchmark_jmhType;)V+31
j  github.ananthc.sampleapps.apex.generated.JepBenchmark_testXGBoostPredictIris_jmhTest.testXGBoostPredictIris_Throughput(Lorg/openjdk/jmh/runner/InfraControl;Lorg/openjdk/jmh/infra/ThreadParams;)Lorg/openjdk/jmh/results/BenchmarkTaskResult;+168
v  ~StubRoutines::call_stub
j  sun.reflect.NativeMethodAccessorImpl.invoke0(Ljava/lang/reflect/Method;Ljava/lang/Object;[Ljava/lang/Object;)Ljava/lang/Object;+0
j  sun.reflect.NativeMethodAccessorImpl.invoke(Ljava/lang/Object;[Ljava/lang/Object;)Ljava/lang/Object;+100
j  sun.reflect.DelegatingMethodAccessorImpl.invoke(Ljava/lang/Object;[Ljava/lang/Object;)Ljava/lang/Object;+6
j  java.lang.reflect.Method.invoke(Ljava/lang/Object;[Ljava/lang/Object;)Ljava/lang/Object;+56
j  org.openjdk.jmh.runner.BenchmarkHandler$BenchmarkTask.call()Lorg/openjdk/jmh/results/BenchmarkTaskResult;+50
j  org.openjdk.jmh.runner.BenchmarkHandler$BenchmarkTask.call()Ljava/lang/Object;+1
j  java.util.concurrent.FutureTask.run()V+42
j  java.util.concurrent.Executors$RunnableAdapter.call()Ljava/lang/Object;+4
j  java.util.concurrent.FutureTask.run()V+42
j  java.util.concurrent.ThreadPoolExecutor.runWorker(Ljava/util/concurrent/ThreadPoolExecutor$Worker;)V+95
j  java.util.concurrent.ThreadPoolExecutor$Worker.run()V+5
j  java.lang.Thread.run()V+11
v  ~StubRoutines::call_stub

---------------  P R O C E S S  ---------------

Java Threads: ( => current thread )
  0x00007fe11a1fe000 JavaThread "Thread-2" daemon [_thread_blocked, id=22787, stack(0x000070000b7c9000,0x000070000b8c9000)]
=>0x00007fe118940000 JavaThread "github.ananthc.sampleapps.apex.scikitlearn.ScikitLearnSVMJepBenchmark.testXGBoostPredictIris-jmh-worker-1" daemon [_thread_in_native, id=22275, stack(0x000070000b6c6000,0x000070000b7c6000)]
  0x00007fe11900f000 JavaThread "Service Thread" daemon [_thread_blocked, id=21251, stack(0x000070000b4c0000,0x000070000b5c0000)]
  0x00007fe119013800 JavaThread "C1 CompilerThread3" daemon [_thread_blocked, id=20739, stack(0x000070000b3bd000,0x000070000b4bd000)]
  0x00007fe118857000 JavaThread "C2 CompilerThread2" daemon [_thread_blocked, id=20227, stack(0x000070000b2ba000,0x000070000b3ba000)]
  0x00007fe119012800 JavaThread "C2 CompilerThread1" daemon [_thread_blocked, id=19715, stack(0x000070000b1b7000,0x000070000b2b7000)]
  0x00007fe11a00b000 JavaThread "C2 CompilerThread0" daemon [_thread_blocked, id=19203, stack(0x000070000b0b4000,0x000070000b1b4000)]
  0x00007fe119002000 JavaThread "Signal Dispatcher" daemon [_thread_blocked, id=18691, stack(0x000070000afb1000,0x000070000b0b1000)]
  0x00007fe11883c000 JavaThread "Finalizer" daemon [_thread_blocked, id=14595, stack(0x000070000aeae000,0x000070000afae000)]
  0x00007fe118839800 JavaThread "Reference Handler" daemon [_thread_blocked, id=14083, stack(0x000070000adab000,0x000070000aeab000)]
  0x00007fe11880c800 JavaThread "main" [_thread_blocked, id=7171, stack(0x000070000a38d000,0x000070000a48d000)]

Other Threads:
  0x00007fe119001000 VMThread [stack: 0x000070000aca8000,0x000070000ada8000] [id=13571]
  0x00007fe119830000 WatcherThread [stack: 0x000070000b5c3000,0x000070000b6c3000] [id=21763]

VM state:not at safepoint (normal execution)

VM Mutex/Monitor currently owned by a thread: None

Heap:
 PSYoungGen      total 76288K, used 64228K [0x000000076ab00000, 0x0000000770000000, 0x00000007c0000000)
  eden space 65536K, 98% used [0x000000076ab00000,0x000000076e9b9398,0x000000076eb00000)
  from space 10752K, 0% used [0x000000076f580000,0x000000076f580000,0x0000000770000000)
  to   space 10752K, 0% used [0x000000076eb00000,0x000000076eb00000,0x000000076f580000)
 ParOldGen       total 175104K, used 0K [0x00000006c0000000, 0x00000006cab00000, 0x000000076ab00000)
  object space 175104K, 0% used [0x00000006c0000000,0x00000006c0000000,0x00000006cab00000)
 Metaspace       used 6479K, capacity 6694K, committed 6784K, reserved 1056768K
  class space    used 746K, capacity 823K, committed 896K, reserved 1048576K

Card table byte_map: [0x0000000110dc0000,0x00000001115c1000] byte_map_base: 0x000000010d7c0000

Marking Bits: (ParMarkBitMap*) 0x000000010f1d3d30
 Begin Bits: [0x0000000111b17000, 0x0000000115b17000)
 End Bits:   [0x0000000115b17000, 0x0000000119b17000)

Polling page: 0x000000010f8c8000

CodeCache: size=245760Kb used=2586Kb max_used=2611Kb free=243173Kb
 bounds [0x0000000119bd2000, 0x0000000119e62000, 0x0000000128bd2000]
 total_blobs=940 nmethods=640 adapters=214
 compilation: enabled

Compilation events (10 events):
Event: 27.893 Thread 0x00007fe119013800  636       3       java.io.ObjectOutputStream$BlockDataOutputStream::setBlockDataMode (35 bytes)
Event: 27.893 Thread 0x00007fe119013800 nmethod 636 0x0000000119e4ee50 code [0x0000000119e4efc0, 0x0000000119e4f228]
Event: 27.893 Thread 0x00007fe119013800  637       3       java.io.ObjectOutputStream$HandleTable::insert (39 bytes)
Event: 27.893 Thread 0x00007fe119013800 nmethod 637 0x0000000119e4e690 code [0x0000000119e4e820, 0x0000000119e4ebe8]
Event: 27.893 Thread 0x00007fe119013800  638       3       java.io.ObjectStreamClass$Caches::access$200 (4 bytes)
Event: 27.893 Thread 0x00007fe119013800 nmethod 638 0x0000000119e4e390 code [0x0000000119e4e4e0, 0x0000000119e4e610]
Event: 27.894 Thread 0x00007fe119013800  639       1       java.io.ObjectStreamClass::getPrimDataSize (5 bytes)
Event: 27.895 Thread 0x00007fe119013800 nmethod 639 0x0000000119e3d010 code [0x0000000119e3d160, 0x0000000119e3d270]
Event: 27.895 Thread 0x00007fe119013800  640       1       java.io.ObjectStreamClass::getNumObjFields (5 bytes)
Event: 27.895 Thread 0x00007fe119013800 nmethod 640 0x0000000119e4e0d0 code [0x0000000119e4e220, 0x0000000119e4e330]

GC Heap History (0 events):
No events

Deoptimization events (9 events):
Event: 0.386 Thread 0x00007fe11880c800 Uncommon trap: reason=unstable_if action=reinterpret pc=0x0000000119d7968c method=java.lang.String.replace(CC)Ljava/lang/String; @ 2
Event: 0.475 Thread 0x00007fe118940000 Uncommon trap: reason=unstable_if action=reinterpret pc=0x0000000119d93354 method=java.lang.String.startsWith(Ljava/lang/String;I)Z @ 25
Event: 0.621 Thread 0x00007fe118940000 Uncommon trap: reason=unstable_if action=reinterpret pc=0x0000000119de4170 method=java.util.zip.ZipFile$ZipEntryIterator.hasNext()Z @ 25
Event: 0.622 Thread 0x00007fe118940000 Uncommon trap: reason=unstable_if action=reinterpret pc=0x0000000119de386c method=java.util.zip.ZipCoder.decoder()Ljava/nio/charset/CharsetDecoder; @ 4
Event: 0.622 Thread 0x00007fe118940000 Uncommon trap: reason=unstable_if action=reinterpret pc=0x0000000119ddf138 method=java.util.zip.ZipEntry.setExtra0([BZ)V @ 1
Event: 0.627 Thread 0x00007fe118940000 Uncommon trap: reason=unstable_if action=reinterpret pc=0x0000000119de5114 method=java.util.zip.ZipFile.getZipEntry(Ljava/lang/String;J)Ljava/util/zip/ZipEntry; @ 19
Event: 0.629 Thread 0x00007fe118940000 Uncommon trap: reason=unstable_if action=reinterpret pc=0x0000000119dcc608 method=java.lang.String.indexOf([CII[CIII)I @ 134
Event: 0.631 Thread 0x00007fe118940000 Uncommon trap: reason=unstable_if action=reinterpret pc=0x0000000119df9cc8 method=jep.ClassList.addClass(Ljava/lang/String;Ljava/lang/String;)V @ 71
Event: 1.364 Thread 0x00007fe118940000 Uncommon trap: reason=unstable_if action=reinterpret pc=0x0000000119e24268 method=java.io.BufferedReader.readLine(Z)Ljava/lang/String; @ 160

Internal exceptions (10 events):
Event: 0.145 Thread 0x00007fe11880c800 Exception <a 'java/lang/NoSuchFieldError': method resolution failed> (0x000000076ade8f68) thrown at [/Users/java_re/workspace/8-2-build-macosx-x86_64/jdk8u121/8372/hotspot/src/share/vm/prims/methodHandles.cpp, line 1146]
Event: 0.146 Thread 0x00007fe11880c800 Exception <a 'java/lang/NoSuchFieldError': method resolution failed> (0x000000076adf6368) thrown at [/Users/java_re/workspace/8-2-build-macosx-x86_64/jdk8u121/8372/hotspot/src/share/vm/prims/methodHandles.cpp, line 1146]
Event: 0.382 Thread 0x00007fe11880c800 Exception <a 'java/lang/NoSuchMethodError': <clinit>> (0x000000076b271c38) thrown at [/Users/java_re/workspace/8-2-build-macosx-x86_64/jdk8u121/8372/hotspot/src/share/vm/prims/jni.cpp, line 1613]
Event: 0.391 Thread 0x00007fe11880c800 Exception <a 'java/lang/NoSuchMethodError': <clinit>> (0x000000076b2a7218) thrown at [/Users/java_re/workspace/8-2-build-macosx-x86_64/jdk8u121/8372/hotspot/src/share/vm/prims/jni.cpp, line 1613]
Event: 0.398 Thread 0x00007fe118940000 Exception <a 'java/lang/NoSuchMethodError': <clinit>> (0x000000076b421138) thrown at [/Users/java_re/workspace/8-2-build-macosx-x86_64/jdk8u121/8372/hotspot/src/share/vm/prims/jni.cpp, line 1613]
Event: 0.626 Thread 0x00007fe118940000 Exception <a 'java/security/PrivilegedActionException'> (0x000000076e3f1068) thrown at [/Users/java_re/workspace/8-2-build-macosx-x86_64/jdk8u121/8372/hotspot/src/share/vm/prims/jvm.cpp, line 1390]
Event: 0.626 Thread 0x00007fe118940000 Exception <a 'java/security/PrivilegedActionException'> (0x000000076e3f1460) thrown at [/Users/java_re/workspace/8-2-build-macosx-x86_64/jdk8u121/8372/hotspot/src/share/vm/prims/jvm.cpp, line 1390]
Event: 0.626 Thread 0x00007fe118940000 Exception <a 'java/security/PrivilegedActionException'> (0x000000076e3f4978) thrown at [/Users/java_re/workspace/8-2-build-macosx-x86_64/jdk8u121/8372/hotspot/src/share/vm/prims/jvm.cpp, line 1390]
Event: 0.626 Thread 0x00007fe118940000 Exception <a 'java/security/PrivilegedActionException'> (0x000000076e3f4d70) thrown at [/Users/java_re/workspace/8-2-build-macosx-x86_64/jdk8u121/8372/hotspot/src/share/vm/prims/jvm.cpp, line 1390]
Event: 27.891 Thread 0x00007fe118940000 Exception <a 'jep/JepException'> (0x000000076e9380b8) thrown at [/Users/java_re/workspace/8-2-build-macosx-x86_64/jdk8u121/8372/hotspot/src/share/vm/prims/jni.cpp, line 709]

Events (10 events):
Event: 4.095 Executing VM operation: EnableBiasedLocking
Event: 4.095 Executing VM operation: EnableBiasedLocking done
Event: 27.891 loading class java/lang/Throwable$WrappedPrintStream
Event: 27.891 loading class java/lang/Throwable$PrintStreamOrWriter
Event: 27.891 loading class java/lang/Throwable$PrintStreamOrWriter done
Event: 27.891 loading class java/lang/Throwable$WrappedPrintStream done
Event: 27.891 loading class java/util/IdentityHashMap$KeySet
Event: 27.891 loading class java/util/IdentityHashMap$KeySet done
Event: 27.895 loading class org/openjdk/jmh/runner/BenchmarkHandler$2
Event: 27.895 loading class org/openjdk/jmh/runner/BenchmarkHandler$2 done


Dynamic libraries:
0x0000000019e69000 	/System/Library/Frameworks/Cocoa.framework/Versions/A/Cocoa
0x0000000019e69000 	/System/Library/Frameworks/Security.framework/Versions/A/Security
0x0000000019e69000 	/System/Library/Frameworks/ApplicationServices.framework/Versions/A/ApplicationServices
0x0000000019e69000 	/usr/lib/libz.1.dylib
0x0000000019e69000 	/usr/lib/libSystem.B.dylib
0x0000000019e69000 	/usr/lib/libobjc.A.dylib
0x0000000019e69000 	/System/Library/Frameworks/CoreFoundation.framework/Versions/A/CoreFoundation
0x0000000019e69000 	/System/Library/Frameworks/Foundation.framework/Versions/C/Foundation
0x0000000019e69000 	/System/Library/Frameworks/AppKit.framework/Versions/C/AppKit
0x0000000019e69000 	/System/Library/Frameworks/CoreData.framework/Versions/A/CoreData
0x0000000019e69000 	/System/Library/PrivateFrameworks/RemoteViewServices.framework/Versions/A/RemoteViewServices
0x0000000019e69000 	/System/Library/PrivateFrameworks/UIFoundation.framework/Versions/A/UIFoundation
0x0000000019e69000 	/System/Library/PrivateFrameworks/DFRFoundation.framework/Versions/A/DFRFoundation
0x0000000019e69000 	/usr/lib/libenergytrace.dylib
0x0000000019e69000 	/System/Library/PrivateFrameworks/SkyLight.framework/Versions/A/SkyLight
0x0000000019e69000 	/System/Library/Frameworks/CoreGraphics.framework/Versions/A/CoreGraphics
0x0000000019e69000 	/usr/lib/libScreenReader.dylib
0x0000000019e69000 	/System/Library/Frameworks/Accelerate.framework/Versions/A/Accelerate
0x0000000019e69000 	/System/Library/Frameworks/IOSurface.framework/Versions/A/IOSurface
0x0000000019e69000 	/System/Library/Frameworks/AudioToolbox.framework/Versions/A/AudioToolbox
0x0000000019e69000 	/System/Library/Frameworks/AudioUnit.framework/Versions/A/AudioUnit
0x0000000019e69000 	/System/Library/PrivateFrameworks/DataDetectorsCore.framework/Versions/A/DataDetectorsCore
0x0000000019e69000 	/System/Library/PrivateFrameworks/DesktopServicesPriv.framework/Versions/A/DesktopServicesPriv
0x0000000019e69000 	/System/Library/Frameworks/Carbon.framework/Versions/A/Frameworks/HIToolbox.framework/Versions/A/HIToolbox
0x0000000019e69000 	/usr/lib/libicucore.A.dylib
0x0000000019e69000 	/System/Library/Frameworks/QuartzCore.framework/Versions/A/QuartzCore
0x0000000019e69000 	/System/Library/Frameworks/Carbon.framework/Versions/A/Frameworks/SpeechRecognition.framework/Versions/A/SpeechRecognition
0x0000000019e69000 	/usr/lib/libauto.dylib
0x0000000019e69000 	/usr/lib/libxml2.2.dylib
0x0000000019e69000 	/System/Library/PrivateFrameworks/CoreUI.framework/Versions/A/CoreUI
0x0000000019e69000 	/System/Library/Frameworks/CoreAudio.framework/Versions/A/CoreAudio
0x0000000019e69000 	/System/Library/Frameworks/DiskArbitration.framework/Versions/A/DiskArbitration
0x0000000019e69000 	/usr/lib/liblangid.dylib
0x0000000019e69000 	/System/Library/PrivateFrameworks/MultitouchSupport.framework/Versions/A/MultitouchSupport
0x0000000019e69000 	/System/Library/Frameworks/IOKit.framework/Versions/A/IOKit
0x0000000019e69000 	/usr/lib/libDiagnosticMessagesClient.dylib
0x0000000019e69000 	/System/Library/Frameworks/CoreServices.framework/Versions/A/CoreServices
0x0000000019e69000 	/System/Library/PrivateFrameworks/PerformanceAnalysis.framework/Versions/A/PerformanceAnalysis
0x0000000019e69000 	/System/Library/PrivateFrameworks/GenerationalStorage.framework/Versions/A/GenerationalStorage
0x0000000019e69000 	/System/Library/Frameworks/OpenGL.framework/Versions/A/OpenGL
0x0000000019e69000 	/System/Library/Frameworks/CoreImage.framework/Versions/A/CoreImage
0x0000000019e69000 	/System/Library/Frameworks/CoreText.framework/Versions/A/CoreText
0x0000000019e69000 	/System/Library/Frameworks/ImageIO.framework/Versions/A/ImageIO
0x0000000019e69000 	/System/Library/PrivateFrameworks/Backup.framework/Versions/A/Backup
0x0000000019e69000 	/usr/lib/libarchive.2.dylib
0x0000000019e69000 	/System/Library/Frameworks/CFNetwork.framework/Versions/A/CFNetwork
0x0000000019e69000 	/System/Library/Frameworks/SystemConfiguration.framework/Versions/A/SystemConfiguration
0x0000000019e69000 	/usr/lib/libCRFSuite.dylib
0x0000000019e69000 	/usr/lib/libc++.1.dylib
0x0000000019e69000 	/usr/lib/libc++abi.dylib
0x0000000019e69000 	/usr/lib/system/libcache.dylib
0x0000000019e69000 	/usr/lib/system/libcommonCrypto.dylib
0x0000000019e69000 	/usr/lib/system/libcompiler_rt.dylib
0x0000000019e69000 	/usr/lib/system/libcopyfile.dylib
0x0000000019e69000 	/usr/lib/system/libcorecrypto.dylib
0x0000000019e69000 	/usr/lib/system/libdispatch.dylib
0x0000000019e69000 	/usr/lib/system/libdyld.dylib
0x0000000019e69000 	/usr/lib/system/libkeymgr.dylib
0x0000000019e69000 	/usr/lib/system/liblaunch.dylib
0x0000000019e69000 	/usr/lib/system/libmacho.dylib
0x0000000019e69000 	/usr/lib/system/libquarantine.dylib
0x0000000019e69000 	/usr/lib/system/libremovefile.dylib
0x0000000019e69000 	/usr/lib/system/libsystem_asl.dylib
0x0000000019e69000 	/usr/lib/system/libsystem_blocks.dylib
0x0000000019e69000 	/usr/lib/system/libsystem_c.dylib
0x0000000019e69000 	/usr/lib/system/libsystem_configuration.dylib
0x0000000019e69000 	/usr/lib/system/libsystem_coreservices.dylib
0x0000000019e69000 	/usr/lib/system/libsystem_coretls.dylib
0x0000000019e69000 	/usr/lib/system/libsystem_dnssd.dylib
0x0000000019e69000 	/usr/lib/system/libsystem_info.dylib
0x0000000019e69000 	/usr/lib/system/libsystem_kernel.dylib
0x0000000019e69000 	/usr/lib/system/libsystem_m.dylib
0x0000000019e69000 	/usr/lib/system/libsystem_malloc.dylib
0x0000000019e69000 	/usr/lib/system/libsystem_network.dylib
0x0000000019e69000 	/usr/lib/system/libsystem_networkextension.dylib
0x0000000019e69000 	/usr/lib/system/libsystem_notify.dylib
0x0000000019e69000 	/usr/lib/system/libsystem_platform.dylib
0x0000000019e69000 	/usr/lib/system/libsystem_pthread.dylib
0x0000000019e69000 	/usr/lib/system/libsystem_sandbox.dylib
0x0000000019e69000 	/usr/lib/system/libsystem_secinit.dylib
0x0000000019e69000 	/usr/lib/system/libsystem_symptoms.dylib
0x0000000019e69000 	/usr/lib/system/libsystem_trace.dylib
0x0000000019e69000 	/usr/lib/system/libunwind.dylib
0x0000000019e69000 	/usr/lib/system/libxpc.dylib
0x0000000019e69000 	/usr/lib/libbsm.0.dylib
0x0000000019e69000 	/usr/lib/system/libkxld.dylib
0x0000000019e69000 	/usr/lib/libcoretls.dylib
0x0000000019e69000 	/usr/lib/libcoretls_cfhelpers.dylib
0x0000000019e69000 	/usr/lib/libOpenScriptingUtil.dylib
0x0000000019e69000 	/usr/lib/libpam.2.dylib
0x0000000019e69000 	/usr/lib/libsqlite3.dylib
0x0000000019e69000 	/usr/lib/libxar.1.dylib
0x0000000019e69000 	/usr/lib/libbz2.1.0.dylib
0x0000000019e69000 	/usr/lib/liblzma.5.dylib
0x0000000019e69000 	/usr/lib/libnetwork.dylib
0x0000000019e69000 	/usr/lib/libpcap.A.dylib
0x0000000019e69000 	/System/Library/Frameworks/CoreServices.framework/Versions/A/Frameworks/FSEvents.framework/Versions/A/FSEvents
0x0000000019e69000 	/System/Library/Frameworks/CoreServices.framework/Versions/A/Frameworks/CarbonCore.framework/Versions/A/CarbonCore
0x0000000019e69000 	/System/Library/Frameworks/CoreServices.framework/Versions/A/Frameworks/Metadata.framework/Versions/A/Metadata
0x0000000019e69000 	/System/Library/Frameworks/CoreServices.framework/Versions/A/Frameworks/OSServices.framework/Versions/A/OSServices
0x0000000019e69000 	/System/Library/Frameworks/CoreServices.framework/Versions/A/Frameworks/SearchKit.framework/Versions/A/SearchKit
0x0000000019e69000 	/System/Library/Frameworks/CoreServices.framework/Versions/A/Frameworks/AE.framework/Versions/A/AE
0x0000000019e69000 	/System/Library/Frameworks/CoreServices.framework/Versions/A/Frameworks/LaunchServices.framework/Versions/A/LaunchServices
0x0000000019e69000 	/System/Library/Frameworks/CoreServices.framework/Versions/A/Frameworks/DictionaryServices.framework/Versions/A/DictionaryServices
0x0000000019e69000 	/System/Library/Frameworks/CoreServices.framework/Versions/A/Frameworks/SharedFileList.framework/Versions/A/SharedFileList
0x0000000019e69000 	/System/Library/Frameworks/NetFS.framework/Versions/A/NetFS
0x0000000019e69000 	/System/Library/PrivateFrameworks/NetAuth.framework/Versions/A/NetAuth
0x0000000019e69000 	/System/Library/PrivateFrameworks/login.framework/Versions/A/Frameworks/loginsupport.framework/Versions/A/loginsupport
0x0000000019e69000 	/System/Library/PrivateFrameworks/TCC.framework/Versions/A/TCC
0x0000000019e69000 	/usr/lib/libmecabra.dylib
0x0000000019e69000 	/System/Library/Frameworks/ApplicationServices.framework/Versions/A/Frameworks/ATS.framework/Versions/A/ATS
0x0000000019e69000 	/System/Library/Frameworks/ApplicationServices.framework/Versions/A/Frameworks/ColorSync.framework/Versions/A/ColorSync
0x0000000019e69000 	/System/Library/Frameworks/ApplicationServices.framework/Versions/A/Frameworks/HIServices.framework/Versions/A/HIServices
0x0000000019e69000 	/System/Library/Frameworks/ApplicationServices.framework/Versions/A/Frameworks/LangAnalysis.framework/Versions/A/LangAnalysis
0x0000000019e69000 	/System/Library/Frameworks/ApplicationServices.framework/Versions/A/Frameworks/PrintCore.framework/Versions/A/PrintCore
0x0000000019e69000 	/System/Library/Frameworks/ApplicationServices.framework/Versions/A/Frameworks/QD.framework/Versions/A/QD
0x0000000019e69000 	/System/Library/Frameworks/ApplicationServices.framework/Versions/A/Frameworks/SpeechSynthesis.framework/Versions/A/SpeechSynthesis
0x0000000019e69000 	/System/Library/Frameworks/Accelerate.framework/Versions/A/Frameworks/vImage.framework/Versions/A/vImage
0x0000000019e69000 	/System/Library/Frameworks/Accelerate.framework/Versions/A/Frameworks/vecLib.framework/Versions/A/vecLib
0x0000000019e69000 	/System/Library/Frameworks/Accelerate.framework/Versions/A/Frameworks/vecLib.framework/Versions/A/libvDSP.dylib
0x0000000019e69000 	/System/Library/Frameworks/Accelerate.framework/Versions/A/Frameworks/vecLib.framework/Versions/A/libBNNS.dylib
0x0000000019e69000 	/System/Library/Frameworks/Accelerate.framework/Versions/A/Frameworks/vecLib.framework/Versions/A/libQuadrature.dylib
0x0000000019e69000 	/System/Library/Frameworks/Accelerate.framework/Versions/A/Frameworks/vecLib.framework/Versions/A/libvMisc.dylib
0x0000000019e69000 	/System/Library/Frameworks/Accelerate.framework/Versions/A/Frameworks/vecLib.framework/Versions/A/libLAPACK.dylib
0x0000000019e69000 	/System/Library/Frameworks/Accelerate.framework/Versions/A/Frameworks/vecLib.framework/Versions/A/libBLAS.dylib
0x0000000019e69000 	/System/Library/Frameworks/Accelerate.framework/Versions/A/Frameworks/vecLib.framework/Versions/A/libLinearAlgebra.dylib
0x0000000019e69000 	/System/Library/Frameworks/Accelerate.framework/Versions/A/Frameworks/vecLib.framework/Versions/A/libSparseBLAS.dylib
0x0000000019e69000 	/System/Library/Frameworks/ApplicationServices.framework/Versions/A/Frameworks/ATS.framework/Versions/A/Resources/libFontParser.dylib
0x0000000019e69000 	/System/Library/Frameworks/ApplicationServices.framework/Versions/A/Frameworks/ATS.framework/Versions/A/Resources/libFontRegistry.dylib
0x0000000019e69000 	/System/Library/Frameworks/ImageIO.framework/Versions/A/Resources/libJPEG.dylib
0x0000000019e69000 	/System/Library/Frameworks/ImageIO.framework/Versions/A/Resources/libTIFF.dylib
0x0000000019e69000 	/System/Library/Frameworks/ImageIO.framework/Versions/A/Resources/libPng.dylib
0x0000000019e69000 	/System/Library/Frameworks/ImageIO.framework/Versions/A/Resources/libGIF.dylib
0x0000000019e69000 	/System/Library/Frameworks/ImageIO.framework/Versions/A/Resources/libJP2.dylib
0x0000000019e69000 	/System/Library/Frameworks/ImageIO.framework/Versions/A/Resources/libRadiance.dylib
0x0000000019e69000 	/usr/lib/libcompression.dylib
0x0000000019e69000 	/System/Library/PrivateFrameworks/AppleJPEG.framework/Versions/A/AppleJPEG
0x0000000019e69000 	/usr/lib/libcups.2.dylib
0x0000000019e69000 	/System/Library/Frameworks/Kerberos.framework/Versions/A/Kerberos
0x0000000019e69000 	/System/Library/Frameworks/GSS.framework/Versions/A/GSS
0x0000000019e69000 	/usr/lib/libresolv.9.dylib
0x0000000019e69000 	/usr/lib/libiconv.2.dylib
0x0000000019e69000 	/System/Library/PrivateFrameworks/Heimdal.framework/Versions/A/Heimdal
0x0000000019e69000 	/usr/lib/libheimdal-asn1.dylib
0x0000000019e69000 	/System/Library/Frameworks/OpenDirectory.framework/Versions/A/OpenDirectory
0x0000000019e69000 	/System/Library/PrivateFrameworks/CommonAuth.framework/Versions/A/CommonAuth
0x0000000019e69000 	/System/Library/Frameworks/OpenDirectory.framework/Versions/A/Frameworks/CFOpenDirectory.framework/Versions/A/CFOpenDirectory
0x0000000019e69000 	/System/Library/Frameworks/SecurityFoundation.framework/Versions/A/SecurityFoundation
0x0000000019e69000 	/System/Library/PrivateFrameworks/LanguageModeling.framework/Versions/A/LanguageModeling
0x0000000019e69000 	/usr/lib/libmarisa.dylib
0x0000000019e69000 	/usr/lib/libChineseTokenizer.dylib
0x0000000019e69000 	/usr/lib/libcmph.dylib
0x0000000019e69000 	/System/Library/PrivateFrameworks/CoreEmoji.framework/Versions/A/CoreEmoji
0x0000000019e69000 	/System/Library/Frameworks/ServiceManagement.framework/Versions/A/ServiceManagement
0x0000000019e69000 	/usr/lib/libxslt.1.dylib
0x0000000019e69000 	/System/Library/Frameworks/Carbon.framework/Versions/A/Frameworks/Ink.framework/Versions/A/Ink
0x0000000019e69000 	/System/Library/PrivateFrameworks/TextureIO.framework/Versions/A/TextureIO
0x0000000019e69000 	/System/Library/Frameworks/Metal.framework/Versions/A/Metal
0x0000000019e69000 	/usr/lib/libate.dylib
0x0000000019e69000 	/System/Library/PrivateFrameworks/GPUCompiler.framework/libmetal_timestamp.dylib
0x0000000019e69000 	/System/Library/Frameworks/OpenGL.framework/Versions/A/Libraries/libCoreFSCache.dylib
0x0000000019e69000 	/System/Library/PrivateFrameworks/IOAccelerator.framework/Versions/A/IOAccelerator
0x0000000019e69000 	/System/Library/Frameworks/CoreVideo.framework/Versions/A/CoreVideo
0x0000000019e69000 	/usr/lib/libFosl_dynamic.dylib
0x0000000019e69000 	/System/Library/PrivateFrameworks/MetalPerformanceShaders.framework/Versions/A/MetalPerformanceShaders
0x0000000019e69000 	/System/Library/PrivateFrameworks/FaceCore.framework/Versions/A/FaceCore
0x0000000019e69000 	/System/Library/Frameworks/OpenCL.framework/Versions/A/OpenCL
0x0000000019e69000 	/System/Library/Frameworks/OpenGL.framework/Versions/A/Libraries/libGLU.dylib
0x0000000019e69000 	/System/Library/Frameworks/OpenGL.framework/Versions/A/Libraries/libGFXShared.dylib
0x0000000019e69000 	/System/Library/Frameworks/OpenGL.framework/Versions/A/Libraries/libGL.dylib
0x0000000019e69000 	/System/Library/Frameworks/OpenGL.framework/Versions/A/Libraries/libGLImage.dylib
0x0000000019e69000 	/System/Library/Frameworks/OpenGL.framework/Versions/A/Libraries/libCVMSPluginSupport.dylib
0x0000000019e69000 	/System/Library/Frameworks/OpenGL.framework/Versions/A/Libraries/libCoreVMClient.dylib
0x0000000019e69000 	/System/Library/PrivateFrameworks/CrashReporterSupport.framework/Versions/A/CrashReporterSupport
0x0000000019e69000 	/System/Library/PrivateFrameworks/Sharing.framework/Versions/A/Sharing
0x0000000019e69000 	/System/Library/PrivateFrameworks/IconServices.framework/Versions/A/IconServices
0x0000000019e69000 	/System/Library/PrivateFrameworks/ProtocolBuffer.framework/Versions/A/ProtocolBuffer
0x0000000019e69000 	/System/Library/PrivateFrameworks/Apple80211.framework/Versions/A/Apple80211
0x0000000019e69000 	/System/Library/Frameworks/CoreWLAN.framework/Versions/A/CoreWLAN
0x0000000019e69000 	/System/Library/PrivateFrameworks/CoreUtils.framework/Versions/A/CoreUtils
0x0000000019e69000 	/System/Library/Frameworks/IOBluetooth.framework/Versions/A/IOBluetooth
0x0000000019e69000 	/System/Library/PrivateFrameworks/CoreWiFi.framework/Versions/A/CoreWiFi
0x0000000019e69000 	/System/Library/Frameworks/CoreBluetooth.framework/Versions/A/CoreBluetooth
0x0000000019e69000 	/System/Library/Frameworks/CoreDisplay.framework/Versions/A/CoreDisplay
0x0000000019e69000 	/System/Library/PrivateFrameworks/IOPresentment.framework/Versions/A/IOPresentment
0x0000000019e69000 	/System/Library/PrivateFrameworks/DSExternalDisplay.framework/Versions/A/DSExternalDisplay
0x0000000019e69000 	/System/Library/PrivateFrameworks/DebugSymbols.framework/Versions/A/DebugSymbols
0x0000000019e69000 	/System/Library/PrivateFrameworks/CoreSymbolication.framework/Versions/A/CoreSymbolication
0x0000000019e69000 	/System/Library/PrivateFrameworks/Symbolication.framework/Versions/A/Symbolication
0x0000000019e69000 	/System/Library/PrivateFrameworks/AppleFSCompression.framework/Versions/A/AppleFSCompression
0x0000000019e69000 	/System/Library/PrivateFrameworks/SpeechRecognitionCore.framework/Versions/A/SpeechRecognitionCore
0x0000000019e69000 	/System/Library/PrivateFrameworks/ChunkingLibrary.framework/Versions/A/ChunkingLibrary
0x000000010e8e3000 	/Library/Java/JavaVirtualMachines/jdk1.8.0_121.jdk/Contents/Home/jre/lib/server/libjvm.dylib
0x0000000019e69000 	/usr/lib/libstdc++.6.dylib
0x000000010f885000 	/Library/Java/JavaVirtualMachines/jdk1.8.0_121.jdk/Contents/Home/jre/lib/libverify.dylib
0x000000010f893000 	/Library/Java/JavaVirtualMachines/jdk1.8.0_121.jdk/Contents/Home/jre/lib/libjava.dylib
0x000000010f8d2000 	/Library/Java/JavaVirtualMachines/jdk1.8.0_121.jdk/Contents/Home/jre/lib/libzip.dylib
0x000000012ba2d000 	/System/Library/Frameworks/JavaVM.framework/Frameworks/JavaRuntimeSupport.framework/JavaRuntimeSupport
0x000000012ba47000 	/System/Library/Frameworks/JavaVM.framework/Versions/A/Frameworks/JavaNativeFoundation.framework/Versions/A/JavaNativeFoundation
0x0000000119b37000 	/System/Library/Frameworks/JavaVM.framework/Versions/A/JavaVM
0x0000000019e69000 	/System/Library/Frameworks/Carbon.framework/Versions/A/Carbon
0x000000012ba5c000 	/System/Library/PrivateFrameworks/JavaLaunching.framework/Versions/A/JavaLaunching
0x0000000019e69000 	/System/Library/Frameworks/Carbon.framework/Versions/A/Frameworks/CommonPanels.framework/Versions/A/CommonPanels
0x0000000019e69000 	/System/Library/Frameworks/Carbon.framework/Versions/A/Frameworks/Help.framework/Versions/A/Help
0x0000000019e69000 	/System/Library/Frameworks/Carbon.framework/Versions/A/Frameworks/ImageCapture.framework/Versions/A/ImageCapture
0x0000000019e69000 	/System/Library/Frameworks/Carbon.framework/Versions/A/Frameworks/OpenScripting.framework/Versions/A/OpenScripting
0x0000000019e69000 	/System/Library/Frameworks/Carbon.framework/Versions/A/Frameworks/Print.framework/Versions/A/Print
0x0000000019e69000 	/System/Library/Frameworks/Carbon.framework/Versions/A/Frameworks/SecurityHI.framework/Versions/A/SecurityHI
0x000000012d61a000 	/Library/Java/JavaVirtualMachines/jdk1.8.0_121.jdk/Contents/Home/jre/lib/libnet.dylib
0x000000012d679000 	/Library/Java/JavaVirtualMachines/jdk1.8.0_121.jdk/Contents/Home/jre/lib/libmanagement.dylib
0x000000012d713000 	/usr/local/lib/python3.5/site-packages/jep/libjep.jnilib
0x000000012d744000 	/usr/local/opt/python3/Frameworks/Python.framework/Versions/3.5/Python
0x000000012dbab000 	/usr/local/opt/python3/Frameworks/Python.framework/Versions/3.5/lib/python3.5/lib-dynload/_heapq.cpython-35m-darwin.so
0x000000012ddf8000 	/usr/local/opt/python3/Frameworks/Python.framework/Versions/3.5/lib/python3.5/lib-dynload/_struct.cpython-35m-darwin.so
0x000000012de02000 	/usr/local/opt/python3/Frameworks/Python.framework/Versions/3.5/lib/python3.5/lib-dynload/_pickle.cpython-35m-darwin.so
0x000000012de57000 	/usr/local/opt/python3/Frameworks/Python.framework/Versions/3.5/lib/python3.5/lib-dynload/_posixsubprocess.cpython-35m-darwin.so
0x000000012de5b000 	/usr/local/opt/python3/Frameworks/Python.framework/Versions/3.5/lib/python3.5/lib-dynload/select.cpython-35m-darwin.so
0x000000012de63000 	/usr/local/opt/python3/Frameworks/Python.framework/Versions/3.5/lib/python3.5/lib-dynload/math.cpython-35m-darwin.so
0x000000012e49c000 	/usr/local/opt/python3/Frameworks/Python.framework/Versions/3.5/lib/python3.5/site-packages/numpy/core/multiarray.cpython-35m-darwin.so
0x000000012deed000 	/usr/local/opt/python3/Frameworks/Python.framework/Versions/3.5/lib/python3.5/lib-dynload/_datetime.cpython-35m-darwin.so
0x000000012e6ee000 	/usr/local/opt/python3/Frameworks/Python.framework/Versions/3.5/lib/python3.5/site-packages/numpy/core/umath.cpython-35m-darwin.so
0x000000012df7e000 	/usr/local/opt/python3/Frameworks/Python.framework/Versions/3.5/lib/python3.5/lib-dynload/_ctypes.cpython-35m-darwin.so
0x000000012df98000 	/usr/local/opt/python3/Frameworks/Python.framework/Versions/3.5/lib/python3.5/lib-dynload/grp.cpython-35m-darwin.so
0x000000012df9b000 	/usr/local/opt/python3/Frameworks/Python.framework/Versions/3.5/lib/python3.5/lib-dynload/_bz2.cpython-35m-darwin.so
0x000000012dfa0000 	/usr/local/opt/python3/Frameworks/Python.framework/Versions/3.5/lib/python3.5/lib-dynload/_lzma.cpython-35m-darwin.so
0x000000012e9d6000 	/usr/local/opt/xz/lib/liblzma.5.dylib
0x000000012dfa8000 	/usr/local/opt/python3/Frameworks/Python.framework/Versions/3.5/lib/python3.5/lib-dynload/_hashlib.cpython-35m-darwin.so
0x000000012e9f8000 	/usr/local/opt/openssl/lib/libssl.1.0.0.dylib
0x000000012ea52000 	/usr/local/opt/openssl/lib/libcrypto.1.0.0.dylib
0x000000012dfaf000 	/usr/local/opt/python3/Frameworks/Python.framework/Versions/3.5/lib/python3.5/lib-dynload/_random.cpython-35m-darwin.so
0x000000012dfb3000 	/usr/local/opt/python3/Frameworks/Python.framework/Versions/3.5/lib/python3.5/site-packages/numpy/linalg/lapack_lite.cpython-35m-darwin.so
0x000000012edbb000 	/usr/local/opt/python3/Frameworks/Python.framework/Versions/3.5/lib/python3.5/site-packages/numpy/linalg/_umath_linalg.cpython-35m-darwin.so
0x000000012dfb8000 	/usr/local/opt/python3/Frameworks/Python.framework/Versions/3.5/lib/python3.5/site-packages/numpy/fft/fftpack_lite.cpython-35m-darwin.so
0x000000012ee61000 	/usr/local/opt/python3/Frameworks/Python.framework/Versions/3.5/lib/python3.5/site-packages/numpy/random/mtrand.cpython-35m-darwin.so
0x000000012f015000 	/usr/local/opt/python3/Frameworks/Python.framework/Versions/3.5/lib/python3.5/site-packages/scipy/_lib/_ccallback_c.cpython-35m-darwin.so
0x000000012f02a000 	/usr/local/opt/python3/Frameworks/Python.framework/Versions/3.5/lib/python3.5/site-packages/scipy/sparse/_sparsetools.cpython-35m-darwin.so
0x000000012f4d7000 	/usr/local/opt/python3/Frameworks/Python.framework/Versions/3.5/lib/python3.5/lib-dynload/_opcode.cpython-35m-darwin.so
0x000000012f51a000 	/usr/local/opt/python3/Frameworks/Python.framework/Versions/3.5/lib/python3.5/site-packages/scipy/sparse/_csparsetools.cpython-35m-darwin.so
0x000000012f5e1000 	/usr/local/opt/python3/Frameworks/Python.framework/Versions/3.5/lib/python3.5/site-packages/scipy/sparse/csgraph/_shortest_path.cpython-35m-darwin.so
0x000000012f62a000 	/usr/local/opt/python3/Frameworks/Python.framework/Versions/3.5/lib/python3.5/site-packages/scipy/sparse/csgraph/_tools.cpython-35m-darwin.so
0x000000012f652000 	/usr/local/opt/python3/Frameworks/Python.framework/Versions/3.5/lib/python3.5/site-packages/scipy/sparse/csgraph/_traversal.cpython-35m-darwin.so
0x000000012f67b000 	/usr/local/opt/python3/Frameworks/Python.framework/Versions/3.5/lib/python3.5/site-packages/scipy/sparse/csgraph/_min_spanning_tree.cpython-35m-darwin.so
0x000000012f6a9000 	/usr/local/opt/python3/Frameworks/Python.framework/Versions/3.5/lib/python3.5/site-packages/scipy/sparse/csgraph/_reordering.cpython-35m-darwin.so
0x000000012f6fe000 	/usr/local/opt/python3/Frameworks/Python.framework/Versions/3.5/lib/python3.5/site-packages/sklearn/__check_build/_check_build.cpython-35m-darwin.so
0x000000012f703000 	/usr/local/opt/python3/Frameworks/Python.framework/Versions/3.5/lib/python3.5/site-packages/sklearn/utils/murmurhash.cpython-35m-darwin.so
0x000000012f759000 	/usr/local/opt/python3/Frameworks/Python.framework/Versions/3.5/lib/python3.5/site-packages/scipy/sparse/linalg/isolve/_iterative.cpython-35m-darwin.so
0x000000012f79e000 	/usr/local/lib/python3.5/site-packages/scipy/.dylibs/libgfortran.3.dylib
0x000000012f919000 	/usr/local/lib/python3.5/site-packages/scipy/.dylibs/libgcc_s.1.dylib
0x000000012f939000 	/usr/local/lib/python3.5/site-packages/scipy/.dylibs/libquadmath.0.dylib
0x000000012f9be000 	/usr/local/opt/python3/Frameworks/Python.framework/Versions/3.5/lib/python3.5/site-packages/scipy/linalg/_fblas.cpython-35m-darwin.so
0x000000012fa1f000 	/usr/local/opt/python3/Frameworks/Python.framework/Versions/3.5/lib/python3.5/site-packages/scipy/linalg/_flapack.cpython-35m-darwin.so
0x000000012fb28000 	/usr/local/opt/python3/Frameworks/Python.framework/Versions/3.5/lib/python3.5/site-packages/scipy/linalg/_flinalg.cpython-35m-darwin.so
0x000000012fb3c000 	/usr/local/opt/python3/Frameworks/Python.framework/Versions/3.5/lib/python3.5/site-packages/scipy/linalg/_solve_toeplitz.cpython-35m-darwin.so
0x000000012fbb7000 	/usr/local/opt/python3/Frameworks/Python.framework/Versions/3.5/lib/python3.5/site-packages/scipy/linalg/_decomp_update.cpython-35m-darwin.so
0x000000012fc07000 	/usr/local/opt/python3/Frameworks/Python.framework/Versions/3.5/lib/python3.5/site-packages/scipy/linalg/cython_blas.cpython-35m-darwin.so
0x000000012fc4b000 	/usr/local/opt/python3/Frameworks/Python.framework/Versions/3.5/lib/python3.5/site-packages/scipy/linalg/cython_lapack.cpython-35m-darwin.so
0x000000012fd14000 	/usr/local/opt/python3/Frameworks/Python.framework/Versions/3.5/lib/python3.5/site-packages/scipy/sparse/linalg/dsolve/_superlu.cpython-35m-darwin.so
0x000000012fdbf000 	/usr/local/opt/python3/Frameworks/Python.framework/Versions/3.5/lib/python3.5/site-packages/scipy/sparse/linalg/eigen/arpack/_arpack.cpython-35m-darwin.so
0x000000012fe5e000 	/usr/local/opt/python3/Frameworks/Python.framework/Versions/3.5/lib/python3.5/site-packages/scipy/special/_ufuncs.cpython-35m-darwin.so
0x000000013003d000 	/usr/local/opt/python3/Frameworks/Python.framework/Versions/3.5/lib/python3.5/site-packages/scipy/special/_ufuncs_cxx.cpython-35m-darwin.so
0x000000013005f000 	/usr/local/opt/python3/Frameworks/Python.framework/Versions/3.5/lib/python3.5/site-packages/scipy/special/specfun.cpython-35m-darwin.so
0x000000013017f000 	/usr/local/opt/python3/Frameworks/Python.framework/Versions/3.5/lib/python3.5/site-packages/scipy/special/_comb.cpython-35m-darwin.so
0x0000000130187000 	/usr/local/opt/python3/Frameworks/Python.framework/Versions/3.5/lib/python3.5/site-packages/scipy/special/_ellip_harm_2.cpython-35m-darwin.so
0x000000013019d000 	/usr/local/opt/python3/Frameworks/Python.framework/Versions/3.5/lib/python3.5/site-packages/scipy/integrate/_odepack.cpython-35m-darwin.so
0x00000001301cb000 	/usr/local/opt/python3/Frameworks/Python.framework/Versions/3.5/lib/python3.5/site-packages/scipy/integrate/_quadpack.cpython-35m-darwin.so
0x00000001301e7000 	/usr/local/opt/python3/Frameworks/Python.framework/Versions/3.5/lib/python3.5/site-packages/scipy/integrate/vode.cpython-35m-darwin.so
0x0000000130225000 	/usr/local/opt/python3/Frameworks/Python.framework/Versions/3.5/lib/python3.5/site-packages/scipy/integrate/_dop.cpython-35m-darwin.so
0x0000000130243000 	/usr/local/opt/python3/Frameworks/Python.framework/Versions/3.5/lib/python3.5/site-packages/scipy/integrate/lsoda.cpython-35m-darwin.so
0x00000001302b7000 	/usr/local/opt/python3/Frameworks/Python.framework/Versions/3.5/lib/python3.5/site-packages/scipy/optimize/minpack2.cpython-35m-darwin.so
0x00000001302c3000 	/usr/local/opt/python3/Frameworks/Python.framework/Versions/3.5/lib/python3.5/site-packages/scipy/optimize/_lbfgsb.cpython-35m-darwin.so
0x00000001302e4000 	/usr/local/opt/python3/Frameworks/Python.framework/Versions/3.5/lib/python3.5/site-packages/scipy/optimize/moduleTNC.cpython-35m-darwin.so
0x00000001302f2000 	/usr/local/opt/python3/Frameworks/Python.framework/Versions/3.5/lib/python3.5/site-packages/scipy/optimize/_cobyla.cpython-35m-darwin.so
0x0000000130313000 	/usr/local/opt/python3/Frameworks/Python.framework/Versions/3.5/lib/python3.5/site-packages/scipy/optimize/_slsqp.cpython-35m-darwin.so
0x0000000130332000 	/usr/local/opt/python3/Frameworks/Python.framework/Versions/3.5/lib/python3.5/site-packages/scipy/optimize/_minpack.cpython-35m-darwin.so
0x0000000130393000 	/usr/local/opt/python3/Frameworks/Python.framework/Versions/3.5/lib/python3.5/site-packages/scipy/optimize/_group_columns.cpython-35m-darwin.so
0x00000001303c0000 	/usr/local/opt/python3/Frameworks/Python.framework/Versions/3.5/lib/python3.5/site-packages/scipy/optimize/_lsq/givens_elimination.cpython-35m-darwin.so
0x00000001303e8000 	/usr/local/opt/python3/Frameworks/Python.framework/Versions/3.5/lib/python3.5/site-packages/scipy/optimize/_zeros.cpython-35m-darwin.so
0x000000013042c000 	/usr/local/opt/python3/Frameworks/Python.framework/Versions/3.5/lib/python3.5/site-packages/scipy/optimize/_nnls.cpython-35m-darwin.so
0x0000000130478000 	/usr/local/opt/python3/Frameworks/Python.framework/Versions/3.5/lib/python3.5/lib-dynload/_json.cpython-35m-darwin.so
0x00000001304c1000 	/usr/local/opt/python3/Frameworks/Python.framework/Versions/3.5/lib/python3.5/lib-dynload/_decimal.cpython-35m-darwin.so
0x0000000130504000 	/usr/local/opt/python3/Frameworks/Python.framework/Versions/3.5/lib/python3.5/lib-dynload/zlib.cpython-35m-darwin.so
0x000000013054c000 	/usr/local/opt/python3/Frameworks/Python.framework/Versions/3.5/lib/python3.5/lib-dynload/_multiprocessing.cpython-35m-darwin.so
0x0000000130590000 	/usr/local/opt/python3/Frameworks/Python.framework/Versions/3.5/lib/python3.5/lib-dynload/mmap.cpython-35m-darwin.so
0x0000000130616000 	/usr/local/opt/python3/Frameworks/Python.framework/Versions/3.5/lib/python3.5/site-packages/scipy/interpolate/_fitpack.cpython-35m-darwin.so
0x000000013064e000 	/usr/local/opt/python3/Frameworks/Python.framework/Versions/3.5/lib/python3.5/site-packages/scipy/interpolate/dfitpack.cpython-35m-darwin.so
0x00000001306b8000 	/usr/local/opt/python3/Frameworks/Python.framework/Versions/3.5/lib/python3.5/site-packages/scipy/interpolate/_bspl.cpython-35m-darwin.so
0x00000001306fe000 	/usr/local/opt/python3/Frameworks/Python.framework/Versions/3.5/lib/python3.5/site-packages/scipy/interpolate/_ppoly.cpython-35m-darwin.so
0x00000001307a2000 	/usr/local/opt/python3/Frameworks/Python.framework/Versions/3.5/lib/python3.5/site-packages/scipy/interpolate/interpnd.cpython-35m-darwin.so
0x00000001307fe000 	/usr/local/opt/python3/Frameworks/Python.framework/Versions/3.5/lib/python3.5/site-packages/scipy/spatial/ckdtree.cpython-35m-darwin.so
0x00000001308ad000 	/usr/local/opt/python3/Frameworks/Python.framework/Versions/3.5/lib/python3.5/site-packages/scipy/spatial/qhull.cpython-35m-darwin.so
0x00000001309b7000 	/usr/local/opt/python3/Frameworks/Python.framework/Versions/3.5/lib/python3.5/site-packages/scipy/spatial/_voronoi.cpython-35m-darwin.so
0x0000000130a23000 	/usr/local/opt/python3/Frameworks/Python.framework/Versions/3.5/lib/python3.5/site-packages/scipy/spatial/_distance_wrap.cpython-35m-darwin.so
0x0000000130a3b000 	/usr/local/opt/python3/Frameworks/Python.framework/Versions/3.5/lib/python3.5/site-packages/scipy/spatial/_hausdorff.cpython-35m-darwin.so
0x0000000130c67000 	/usr/local/opt/python3/Frameworks/Python.framework/Versions/3.5/lib/python3.5/site-packages/scipy/stats/_stats.cpython-35m-darwin.so
0x0000000130dd5000 	/usr/local/opt/python3/Frameworks/Python.framework/Versions/3.5/lib/python3.5/site-packages/scipy/stats/statlib.cpython-35m-darwin.so
0x0000000130e26000 	/usr/local/opt/python3/Frameworks/Python.framework/Versions/3.5/lib/python3.5/site-packages/scipy/stats/mvn.cpython-35m-darwin.so
0x0000000130f33000 	/usr/local/opt/python3/Frameworks/Python.framework/Versions/3.5/lib/python3.5/site-packages/sklearn/utils/_logistic_sigmoid.cpython-35m-darwin.so
0x0000000130f3e000 	/usr/local/opt/python3/Frameworks/Python.framework/Versions/3.5/lib/python3.5/site-packages/sklearn/utils/sparsefuncs_fast.cpython-35m-darwin.so
0x0000000131003000 	/usr/local/opt/python3/Frameworks/Python.framework/Versions/3.5/lib/python3.5/lib-dynload/array.cpython-35m-darwin.so
0x000000013104f000 	/usr/local/opt/python3/Frameworks/Python.framework/Versions/3.5/lib/python3.5/site-packages/sklearn/metrics/cluster/expected_mutual_info_fast.cpython-35m-darwin.so
0x000000013106d000 	/usr/local/opt/python3/Frameworks/Python.framework/Versions/3.5/lib/python3.5/site-packages/sklearn/utils/lgamma.cpython-35m-darwin.so
0x0000000131072000 	/usr/local/opt/python3/Frameworks/Python.framework/Versions/3.5/lib/python3.5/site-packages/sklearn/metrics/pairwise_fast.cpython-35m-darwin.so
0x0000000131172000 	/usr/local/opt/python3/Frameworks/Python.framework/Versions/3.5/lib/python3.5/site-packages/xgboost/./lib/libxgboost.so
0x000000013138c000 	/usr/local/opt/gcc/lib/gcc/5/libstdc++.6.dylib
0x0000000131613000 	/usr/local/opt/gcc/lib/gcc/5/libgomp.1.dylib
0x0000000131642000 	/usr/local/lib/gcc/5/libgcc_s.1.dylib

VM Arguments:
jvm_args: -Djava.library.path=/Users/Ananth/Library/Java/Extensions:/Library/Java/Extensions:/Network/Library/Java/Extensions:/System/Library/Java/Extensions:/usr/lib/java:.:/usr/local/lib/python3.5/site-packages/jep -XX:CompileCommandFile=/var/folders/kb/732wt3jx3f7gqtxrrz6b4c9m0000gp/T/jmh4294620447529536774compilecommand 
java_command: org.openjdk.jmh.runner.ForkedMain 127.0.0.1 53619
java_class_path (initial): target/benchmarks.jar
Launcher Type: SUN_STANDARD

Environment Variables:
JAVA_HOME=/Library/Java/JavaVirtualMachines/jdk1.8.0_121.jdk/Contents/Home
PATH=/Users/Ananth/software/apache-maven-3.5.0/bin:/usr/local/bin:/usr/bin:/bin:/usr/sbin:/sbin:/opt/X11/bin:/usr/local/go/bin
SHELL=/usr/local/bin/fish
DISPLAY=/private/tmp/com.apple.launchd.OOHbTXZoGU/org.macosforge.xquartz:0

Signal Handlers:
SIGSEGV: [libjvm.dylib+0x5b1141], sa_mask[0]=11111111011111110111111111111111, sa_flags=SA_ONSTACK|SA_RESTART|SA_SIGINFO
SIGBUS: [libjvm.dylib+0x5b1141], sa_mask[0]=11111111011111110111111111111111, sa_flags=SA_RESTART|SA_SIGINFO
SIGFPE: [libjvm.dylib+0x487bc4], sa_mask[0]=11111111011111110111111111111111, sa_flags=SA_RESTART|SA_SIGINFO
SIGPIPE: SIG_IGN, sa_mask[0]=00000000000000000000000000000000, sa_flags=none
SIGXFSZ: SIG_IGN, sa_mask[0]=00000000000000000000000000000000, sa_flags=none
SIGILL: [libjvm.dylib+0x487bc4], sa_mask[0]=11111111011111110111111111111111, sa_flags=SA_RESTART|SA_SIGINFO
SIGUSR1: SIG_DFL, sa_mask[0]=00000000000000000000000000000000, sa_flags=none
SIGUSR2: [libjvm.dylib+0x4876e2], sa_mask[0]=00100000000000000000000000000000, sa_flags=SA_RESTART|SA_SIGINFO
SIGHUP: [libjvm.dylib+0x485cb9], sa_mask[0]=11111111011111110111111111111111, sa_flags=SA_RESTART|SA_SIGINFO
SIGINT: [libjvm.dylib+0x485cb9], sa_mask[0]=11111111011111110111111111111111, sa_flags=SA_RESTART|SA_SIGINFO
SIGTERM: [libjvm.dylib+0x485cb9], sa_mask[0]=11111111011111110111111111111111, sa_flags=SA_RESTART|SA_SIGINFO
SIGQUIT: [libjvm.dylib+0x485cb9], sa_mask[0]=11111111011111110111111111111111, sa_flags=SA_RESTART|SA_SIGINFO


---------------  S Y S T E M  ---------------

OS:Bsduname:Darwin 16.7.0 Darwin Kernel Version 16.7.0: Thu Jun 15 17:36:27 PDT 2017; root:xnu-3789.70.16~2/RELEASE_X86_64 x86_64
rlimit: STACK 8192k, CORE 0k, NPROC 709, NOFILE 10240, AS infinity
load average:2.37 2.21 2.42

CPU:total 8 (4 cores per cpu, 2 threads per core) family 6 model 58 stepping 9, cmov, cx8, fxsr, mmx, sse, sse2, sse3, ssse3, sse4.1, sse4.2, popcnt, avx, aes, clmul, erms, ht, tsc, tscinvbit, tscinv

Memory: 4k page, physical 16777216k(2500376k free)

/proc/meminfo:


vm_info: Java HotSpot(TM) 64-Bit Server VM (25.121-b13) for bsd-amd64 JRE (1.8.0_121-b13), built on Dec 12 2016 20:39:32 by "java_re" with gcc 4.2.1 (Based on Apple Inc. build 5658) (LLVM build 2336.11.00)

time: Sun Oct  1 18:16:39 2017
elapsed time: 27 seconds (0d 0h 0m 27s)

